NL/COMP20151104/COMP/Develop/SourceCode/COMPCode/COMP2/proguard/seeds.txt
com.newland.comp2.R$anim: int abc_fade_in
com.newland.comp2.R$anim: int abc_fade_out
com.newland.comp2.R$anim: int abc_slide_in_bottom
com.newland.comp2.R$anim: int abc_slide_in_top
com.newland.comp2.R$anim: int abc_slide_out_bottom
com.newland.comp2.R$anim: int abc_slide_out_top
com.newland.comp2.R$anim: int finfished_move_x_out
com.newland.comp2.R$anim: int finished_move_x_in
com.newland.comp2.R$anim: int in_translate_top
com.newland.comp2.R$anim: int move_x_in
com.newland.comp2.R$anim: int move_x_out
com.newland.comp2.R$anim: int my_alpha_action
com.newland.comp2.R$anim: int out_translate_top
com.newland.comp2.R$anim: int push_bottom_in
com.newland.comp2.R$anim: int push_bottom_in2
com.newland.comp2.R$anim: int push_bottom_out
com.newland.comp2.R$anim: int push_up_in
com.newland.comp2.R$anim: int push_up_out
com.newland.comp2.R$anim: int scale_rotate
com.newland.comp2.R$anim: int scale_y_in
com.newland.comp2.R$anim: int scale_y_out
com.newland.comp2.R$anim: int top_in
com.newland.comp2.R$anim: int top_out
com.newland.comp2.R$anim: int translate
com.newland.comp2.R$anim: int translate_out
com.newland.comp2.R$anim: int view_roate
com.newland.comp2.R$array: int quarter
com.newland.comp2.R$attr: int actionBarDivider
com.newland.comp2.R$attr: int actionBarItemBackground
com.newland.comp2.R$attr: int actionBarSize
com.newland.comp2.R$attr: int actionBarSplitStyle
com.newland.comp2.R$attr: int actionBarStyle
com.newland.comp2.R$attr: int actionBarTabBarStyle
com.newland.comp2.R$attr: int actionBarTabStyle
com.newland.comp2.R$attr: int actionBarTabTextStyle
com.newland.comp2.R$attr: int actionBarWidgetTheme
com.newland.comp2.R$attr: int actionButtonStyle
com.newland.comp2.R$attr: int actionDropDownStyle
com.newland.comp2.R$attr: int actionLayout
com.newland.comp2.R$attr: int actionMenuTextAppearance
com.newland.comp2.R$attr: int actionMenuTextColor
com.newland.comp2.R$attr: int actionModeBackground
com.newland.comp2.R$attr: int actionModeCloseButtonStyle
com.newland.comp2.R$attr: int actionModeCloseDrawable
com.newland.comp2.R$attr: int actionModeCopyDrawable
com.newland.comp2.R$attr: int actionModeCutDrawable
com.newland.comp2.R$attr: int actionModeFindDrawable
com.newland.comp2.R$attr: int actionModePasteDrawable
com.newland.comp2.R$attr: int actionModePopupWindowStyle
com.newland.comp2.R$attr: int actionModeSelectAllDrawable
com.newland.comp2.R$attr: int actionModeShareDrawable
com.newland.comp2.R$attr: int actionModeSplitBackground
com.newland.comp2.R$attr: int actionModeStyle
com.newland.comp2.R$attr: int actionModeWebSearchDrawable
com.newland.comp2.R$attr: int actionOverflowButtonStyle
com.newland.comp2.R$attr: int actionProviderClass
com.newland.comp2.R$bool: int abc_action_bar_embed_tabs_pre_jb
com.newland.comp2.R$bool: int abc_action_bar_expanded_action_views_exclusive
com.newland.comp2.R$bool: int abc_config_actionMenuItemAllCaps
com.newland.comp2.R$bool: int abc_config_allowActionMenuItemTextWithIcon
com.newland.comp2.R$bool: int abc_config_showMenuShortcutsWhenKeyboardPresent
com.newland.comp2.R$bool: int abc_split_action_bar_is_narrow
...
com.alibaba.fastjson.parser.deserializer.ArrayDeserializer
com.alibaba.fastjson.parser.deserializer.ArrayDeserializer: com.alibaba.fastjson.parser.deserializer.ArrayDeserializer instance
com.alibaba.fastjson.parser.deserializer.ArrayDeserializer: ArrayDeserializer()
com.alibaba.fastjson.parser.deserializer.ArrayDeserializer: java.lang.Object deserialze(com.alibaba.fastjson.parser.DefaultJSONParser,java.lang.reflect.Type,java.lang.Object)
com.alibaba.fastjson.parser.deserializer.ArrayDeserializer: java.lang.Object toObjectArray(com.alibaba.fastjson.parser.DefaultJSONParser,java.lang.Class,com.alibaba.fastjson.JSONArray)
com.alibaba.fastjson.parser.deserializer.ArrayDeserializer: int getFastMatchToken()
com.alibaba.fastjson.parser.deserializer.ArrayDeserializer: void <clinit>()
com.alibaba.fastjson.parser.deserializer.ArrayListTypeFieldDeserializer
com.alibaba.fastjson.parser.deserializer.ArrayListTypeFieldDeserializer: java.lang.reflect.Type itemType
com.alibaba.fastjson.parser.deserializer.ArrayListTypeFieldDeserializer: int itemFastMatchToken
com.alibaba.fastjson.parser.deserializer.ArrayListTypeFieldDeserializer: com.alibaba.fastjson.parser.deserializer.ObjectDeserializer deserializer
com.alibaba.fastjson.parser.deserializer.ArrayListTypeFieldDeserializer: ArrayListTypeFieldDeserializer(com.alibaba.fastjson.parser.ParserConfig,java.lang.Class,com.alibaba.fastjson.util.FieldInfo)
com.alibaba.fastjson.parser.deserializer.ArrayListTypeFieldDeserializer: int getFastMatchToken()
com.alibaba.fastjson.parser.deserializer.ArrayListTypeFieldDeserializer: void parseField(com.alibaba.fastjson.parser.DefaultJSONParser,java.lang.Object,java.lang.reflect.Type,java.util.Map)
com.alibaba.fastjson.parser.deserializer.ArrayListTypeFieldDeserializer: void parseArray(com.alibaba.fastjson.parser.DefaultJSONParser,java.lang.reflect.Type,java.util.Collection)
com.alibaba.fastjson.parser.deserializer.AutowiredObjectDeserializer
com.alibaba.fastjson.parser.deserializer.AutowiredObjectDeserializer: java.util.Set getAutowiredFor()
com.alibaba.fastjson.parser.deserializer.BooleanFieldDeserializer
com.alibaba.fastjson.parser.deserializer.BooleanFieldDeserializer: BooleanFieldDeserializer(com.alibaba.fastjson.parser.ParserConfig,java.lang.Class,com.alibaba.fastjson.util.FieldInfo)
com.alibaba.fastjson.parser.deserializer.BooleanFieldDeserializer: void parseField(com.alibaba.fastjson.parser.DefaultJSONParser,java.lang.Object,java.lang.reflect.Type,java.util.Map)
com.alibaba.fastjson.parser.deserializer.BooleanFieldDeserializer: int getFastMatchToken()
com.alibaba.fastjson.parser.deserializer.CharArrayDeserializer
com.alibaba.fastjson.parser.deserializer.CharArrayDeserializer: com.alibaba.fastjson.parser.deserializer.CharArrayDeserializer instance
com.alibaba.fastjson.parser.deserializer.CharArrayDeserializer: CharArrayDeserializer()
com.alibaba.fastjson.parser.deserializer.CharArrayDeserializer: java.lang.Object deserialze(com.alibaba.fastjson.parser.DefaultJSONParser,java.lang.reflect.Type,java.lang.Object)
com.alibaba.fastjson.parser.deserializer.CharArrayDeserializer: java.lang.Object deserialze(com.alibaba.fastjson.parser.DefaultJSONParser)
com.alibaba.fastjson.parser.deserializer.CharArrayDeserializer: int getFastMatchToken()
com.alibaba.fastjson.parser.deserializer.CharArrayDeserializer: void <clinit>()
com.alibaba.fastjson.parser.deserializer.ClassDerializer
com.alibaba.fastjson.parser.deserializer.ClassDerializer: com.alibaba.fastjson.parser.deserializer.ClassDerializer instance
com.alibaba.fastjson.parser.deserializer.ClassDerializer: ClassDerializer()
com.alibaba.fastjson.parser.deserializer.ClassDerializer: java.lang.Object deserialze(com.alibaba.fastjson.parser.DefaultJSONParser,java.lang.reflect.Type,java.lang.Object)
com.alibaba.fastjson.parser.deserializer.ClassDerializer: int getFastMatchToken()
com.alibaba.fastjson.parser.deserializer.ClassDerializer: void <clinit>()