NL/COMP20151104/COMP/Develop/SourceCode/COMPCode/COMP2/proguard/mapping.txt
com.newland.comp2.R -> com.newland.a.a:
com.newland.comp2.R$styleable -> com.newland.a.b:
    int[] ActionBar -> ActionBar
    int ActionBar_background -> ActionBar_background
    int ActionBar_backgroundSplit -> ActionBar_backgroundSplit
    int ActionBar_backgroundStacked -> ActionBar_backgroundStacked
    int ActionBar_customNavigationLayout -> ActionBar_customNavigationLayout
    int ActionBar_displayOptions -> ActionBar_displayOptions
    int ActionBar_divider -> ActionBar_divider
    int ActionBar_height -> ActionBar_height
    int ActionBar_homeLayout -> ActionBar_homeLayout
    int ActionBar_icon -> ActionBar_icon
    int ActionBar_indeterminateProgressStyle -> ActionBar_indeterminateProgressStyle
    int ActionBar_itemPadding -> ActionBar_itemPadding
    int ActionBar_logo -> ActionBar_logo
    int ActionBar_navigationMode -> ActionBar_navigationMode
    int ActionBar_progressBarPadding -> ActionBar_progressBarPadding
    int ActionBar_progressBarStyle -> ActionBar_progressBarStyle
    int ActionBar_subtitle -> ActionBar_subtitle
    int ActionBar_subtitleTextStyle -> ActionBar_subtitleTextStyle
    int ActionBar_title -> ActionBar_title
    int ActionBar_titleTextStyle -> ActionBar_titleTextStyle
    int[] ActionBarLayout -> ActionBarLayout
    int ActionBarLayout_android_layout_gravity -> ActionBarLayout_android_layout_gravity
    int[] ActionBarWindow -> ActionBarWindow
    int ActionBarWindow_windowActionBar -> ActionBarWindow_windowActionBar
...
com.newland.comp.fragment.QosFragment$2 -> com.newland.comp.fragment.al:
    com.newland.comp.fragment.QosFragment this$0 -> a
    void onLoading(long,long) -> onLoading
    void onFailure(java.lang.Throwable,int,java.lang.String) -> onFailure
    void onSuccess(java.lang.Object) -> onSuccess
com.newland.comp.fragment.QosFragment$3 -> com.newland.comp.fragment.am:
    com.newland.comp.fragment.QosFragment this$0 -> a
    boolean onTouch(android.view.View,android.view.MotionEvent) -> onTouch
com.newland.comp.fragment.QosFragment$4 -> com.newland.comp.fragment.an:
    com.newland.comp.fragment.QosFragment this$0 -> a
    void onClick(android.view.View) -> onClick
com.newland.comp.fragment.QosFragment$5 -> com.newland.comp.fragment.ao:
    com.newland.comp.fragment.QosFragment this$0 -> a
    void onClick(android.view.View) -> onClick
com.newland.comp.fragment.QosFragment$6 -> com.newland.comp.fragment.ap:
    com.newland.comp.fragment.QosFragment this$0 -> a
    void onClick(android.view.View) -> onClick
com.newland.comp.fragment.SecondKillFragment -> com.newland.comp.fragment.SecondKillFragment:
    android.widget.TextView mLine_activity -> c
    android.widget.TextView mLine_time -> g
    android.widget.TextView mLine_time_everyday -> h
    android.widget.TextView mExchangeable -> i
    com.newland.comp.view.PullRefreshListView mList_data -> j
    int page_index -> k
    java.lang.String month -> l
    java.util.List list -> m
    com.newland.comp.bean.IntegralSeckillExp integralSeckillExp -> n
    com.newland.comp.adapter.SecondKillAdapter adapter -> o
    android.view.View mView -> p
    android.view.View no_data_layout -> q
    android.content.Context context -> a
    android.view.View load_msg -> r
    com.newland.comp.view.LoadingDialog dialog -> b
    com.newland.comp.fragment.SecondKillFragment newInstance(android.content.Context) -> a
    void onClick(android.view.View) -> onClick
    void bindViews() -> b
    android.view.View createAndInitView(android.view.LayoutInflater,android.view.ViewGroup,android.os.Bundle) -> a
    void onListViewRefresh() -> c
    void onListViewLoadMore() -> d
    void onLoad() -> e
    void getDataFromServer(int) -> a
    void refresh() -> a
    android.view.View access$0(com.newland.comp.fragment.SecondKillFragment) -> a
    android.view.View access$1(com.newland.comp.fragment.SecondKillFragment) -> b
    int access$2(com.newland.comp.fragment.SecondKillFragment) -> c
com.newland.comp.fragment.SecondKillFragment$1 -> com.newland.comp.fragment.aq:
    com.newland.comp.fragment.SecondKillFragment this$0 -> a
    void onFailure(java.lang.Throwable,int,java.lang.String) -> onFailure
    void onLoading(long,long) -> onLoading
    void onSuccess(java.lang.Object) -> onSuccess