NL/COMP20151104/COMP/Develop/SourceCode/COMPCode/COMP2/proguard/usage.txt
com.newland.comp2.BuildConfig
com.newland.comp2.R:
    10:10:public R()
com.newland.comp2.R$anim
com.newland.comp2.R$array
com.newland.comp2.R$attr
com.newland.comp2.R$bool
com.newland.comp2.R$color
com.newland.comp2.R$dimen
com.newland.comp2.R$drawable
com.newland.comp2.R$id
com.newland.comp2.R$integer
com.newland.comp2.R$layout
com.newland.comp2.R$menu
com.newland.comp2.R$string
com.newland.comp2.R$style
com.newland.comp2.R$styleable:
    3133:3133:public R$styleable()
...
com.newland.comp.fragment.MyPayStubFragment:
    private com.newland.comp.view.LoadingDialog dialog
com.newland.comp.fragment.MyPayStubFragment$DemoJavaScriptInterface:
    252:259:public void clickOnAndroid()
com.newland.comp.fragment.PayrollNightFragment:
    private com.newland.comp.view.LoadingDialog dialog
com.newland.comp.fragment.PayrollOthersFragment:
    private android.widget.ListView faultListView
    private android.widget.ListView confirmListView
    java.lang.String mouth
    private com.newland.comp.view.LoadingDialog dialog
com.newland.comp.fragment.QosFragment:
    int height1
    int height2
    private com.newland.comp.view.LoadingDialog dialog
com.newland.comp.fragment.WorkLoadFragment:
    int height1
    int height2
    private com.newland.comp.view.LoadingDialog dialog
com.newland.comp.service.DownLoaderTask
com.newland.comp.service.DownLoaderTask$1
com.newland.comp.service.DownLoaderTask$ProgressReportingOutputStream
com.newland.comp.test.TestActivity:
    com.newland.comp.test.TestActivity$DemoJavaScriptInterface js
    private android.widget.EditText mEdit
    92:103:private void testTimePick()
    114:136:private void testJson()
    140:161:private void testWebView()
    212:213:private void testMd5()
    38:38:static synthetic android.os.Handler access$0(com.newland.comp.test.TestActivity)
    40:40:static synthetic android.widget.EditText access$1(com.newland.comp.test.TestActivity)
com.newland.comp.test.TestActivity$2
com.newland.comp.test.TestActivity$3
com.newland.comp.test.TestActivity$DemoJavaScriptInterface
com.newland.comp.test.TestActivity$DemoJavaScriptInterface$1
com.newland.comp.test.TestActivity$MyWebChromeClient
com.newland.comp.view.ColumnHorizontalScrollView
com.newland.comp.view.DashedLineView
com.newland.comp.view.DatePickDialog:
    public static final int YEAR
    public static final int YEAR_MONTH
    public static final int YEAR_MONTH_DAY
    public static final int YEAR_MONTH_DAY_HOUR
    96:112:public android.app.AlertDialog datePicKDialog(android.widget.EditText)
com.newland.comp.view.DatePickDialog$1
com.newland.comp.view.DatePickDialog$2
com.newland.comp.view.IndicatorOrgPopupWindow
com.newland.comp.view.IndicatorOrgPopupWindow$1
com.newland.comp.view.IndicatorOrgPopupWindow$2
com.newland.comp.view.IndicatorOrgPopupWindow$3
com.newland.comp.view.IndicatorOrgPopupWindow$4
com.newland.comp.view.IndicatorOrgPopupWindow$5
com.newland.comp.view.LeaveOfficePopupWindow:
    java.util.List listCom
com.newland.comp.view.LoadingDialog:
    57:58:public void isVisible()
    61:61:public boolean isShowing()
com.newland.comp.view.PullRefreshListView:
    private static final int SCROLLBACK_HEADER
    private static final int SCROLLBACK_FOOTER
    private static final int SCROLL_DURATION
    private static final int PULL_LOAD_MORE_DELTA
    private static final float OFFSET_RADIO
com.newland.comp.view.PullRefreshListViewFooter:
    public static final int STATE_NORMAL
    public static final int STATE_READY
    public static final int STATE_LOADING
    36:38:public PullRefreshListViewFooter(android.content.Context,android.util.AttributeSet)
    73:75:public void normal()
    82:84:public void loading()
com.newland.comp.view.PullRefreshListViewHeader:
    public static final int STATE_NORMAL
    public static final int STATE_READY
    public static final int STATE_REFRESHING
    50:52:public PullRefreshListViewHeader(android.content.Context,android.util.AttributeSet)
com.newland.comp.view.SlidingMenu
com.newland.comp.view.SlidingView